<?xml version="1.0" encoding="UTF-8"?>
<testsuite name="TwoferTest" tests="3" skipped="0" failures="0" errors="0" timestamp="2022-11-24T14:39:52" hostname="pedro-NH4CU03" time="0.188">
  <properties/>
  <testcase name="noNameGiven" classname="TwoferTest" time="0.114"/>
  <testcase name="aNameGiven" classname="TwoferTest" time="0.073"/>
  <testcase name="anotherNameGiven" classname="TwoferTest" time="0.001"/>
  <system-out><![CDATA[]]></system-out>
  <system-err><![CDATA[]]></system-err>
</testsuite>
